{
  "Cucumber Features": {
    "coverage": {
      "/home/ubuntu/environment/Colgate-Marketplace/features/step_definitions/CRUD_user_steps.rb": {
        "lines": [
          1,
          null,
          1,
          null,
          12,
          24,
          24,
          null,
          null,
          1,
          10,
          null,
          1,
          0,
          0,
          null,
          1,
          25,
          null,
          1,
          17,
          null,
          1,
          20,
          null,
          1,
          0,
          0,
          0,
          null,
          1,
          null,
          4,
          null,
          1,
          0,
          null,
          1,
          null,
          0,
          0,
          0,
          0,
          0,
          null,
          1,
          0,
          0,
          null,
          1,
          0,
          null,
          1,
          0,
          null,
          1,
          0,
          0,
          null,
          1,
          0,
          null
        ]
      },
      "/home/ubuntu/environment/Colgate-Marketplace/features/step_definitions/items_steps.rb": {
        "lines": [
          1,
          null,
          1,
          5,
          5,
          null,
          null,
          null,
          null,
          null,
          null,
          null,
          null,
          null,
          null,
          5,
          5,
          5,
          null,
          null,
          1,
          6,
          null,
          null,
          1,
          7,
          16,
          null,
          null,
          null,
          1,
          5,
          null,
          null,
          1,
          2,
          null,
          null,
          1,
          1,
          null
        ]
      },
      "/home/ubuntu/environment/Colgate-Marketplace/features/step_definitions/search_bar_steps.rb": {
        "lines": [
          1,
          null,
          1,
          null,
          12,
          36,
          36,
          36,
          36,
          null,
          null,
          null,
          1,
          null,
          null,
          7,
          null,
          7,
          null,
          null
        ]
      },
      "/home/ubuntu/environment/Colgate-Marketplace/app/controllers/application_controller.rb": {
        "lines": [
          1,
          null,
          null,
          null,
          null,
          1,
          null,
          1,
          null,
          1,
          null,
          1,
          5,
          5,
          null,
          null
        ]
      },
      "/home/ubuntu/environment/Colgate-Marketplace/app/helpers/application_helper.rb": {
        "lines": [
          1,
          null
        ]
      },
      "/home/ubuntu/environment/Colgate-Marketplace/app/helpers/items_helper.rb": {
        "lines": [
          1,
          null
        ]
      },
      "/home/ubuntu/environment/Colgate-Marketplace/app/helpers/omniauth_callbacks_helper.rb": {
        "lines": [
          1,
          null
        ]
      },
      "/home/ubuntu/environment/Colgate-Marketplace/app/helpers/users_helper.rb": {
        "lines": [
          1,
          null
        ]
      },
      "/home/ubuntu/environment/Colgate-Marketplace/app/controllers/items_controller.rb": {
        "lines": [
          1,
          null,
          1,
          null,
          1,
          13,
          0,
          0,
          null,
          null,
          null,
          1,
          26,
          26,
          null,
          null,
          1,
          6,
          6,
          6,
          6,
          null,
          null,
          null,
          1,
          2,
          null,
          null,
          1,
          2,
          2,
          1,
          null,
          1,
          1,
          null,
          null,
          null,
          1,
          1,
          1,
          1,
          1,
          null,
          null,
          null,
          1,
          6,
          null,
          null,
          1,
          5,
          5,
          null,
          5,
          null,
          5,
          null,
          5,
          4,
          4,
          4,
          null,
          1,
          1,
          1,
          null,
          null,
          null,
          null,
          1,
          7,
          6,
          6,
          6,
          6,
          null,
          1,
          1,
          null,
          null,
          null,
          1,
          0,
          0,
          0,
          0,
          0,
          0,
          0,
          null,
          0,
          0,
          null,
          null,
          null,
          1,
          1,
          7,
          null,
          null
        ]
      },
      "/home/ubuntu/environment/Colgate-Marketplace/app/models/item.rb": {
        "lines": [
          1,
          1,
          null,
          null,
          1,
          1,
          null,
          1,
          1,
          1,
          1,
          null,
          1,
          6,
          null,
          null
        ]
      },
      "/home/ubuntu/environment/Colgate-Marketplace/app/models/concerns/blob_validator.rb": {
        "lines": [
          null,
          1,
          1,
          0,
          null,
          0,
          0,
          0,
          0,
          0,
          0,
          null,
          null,
          null,
          0,
          0,
          null,
          null,
          null,
          null,
          1,
          null,
          1,
          0,
          null,
          0,
          null,
          0,
          null,
          0,
          null,
          0,
          null,
          0,
          null,
          null,
          null,
          null,
          null
        ]
      },
      "/home/ubuntu/environment/Colgate-Marketplace/app/controllers/omniauth_callbacks_controller.rb": {
        "lines": [
          1,
          1,
          5,
          5,
          null,
          5,
          5,
          5,
          null,
          0,
          0,
          null,
          null,
          null,
          null
        ]
      }
    },
    "timestamp": 1606927886
  },
  "RSpec": {
    "coverage": {
      "/home/ubuntu/environment/Colgate-Marketplace/app/models/user.rb": {
        "lines": [
          1,
          null,
          null,
          1,
          null,
          null,
          null,
          1,
          null,
          null,
          1,
          10,
          10,
          null,
          10,
          5,
          null,
          null,
          null,
          null,
          10,
          null,
          null
        ]
      },
      "/home/ubuntu/environment/Colgate-Marketplace/app/models/application_record.rb": {
        "lines": [
          1,
          1,
          null
        ]
      },
      "/home/ubuntu/environment/Colgate-Marketplace/app/helpers/application_helper.rb": {
        "lines": [
          1,
          null
        ]
      },
      "/home/ubuntu/environment/Colgate-Marketplace/app/helpers/items_helper.rb": {
        "lines": [
          1,
          null
        ]
      },
      "/home/ubuntu/environment/Colgate-Marketplace/app/helpers/omniauth_callbacks_helper.rb": {
        "lines": [
          1,
          null
        ]
      },
      "/home/ubuntu/environment/Colgate-Marketplace/app/helpers/users_helper.rb": {
        "lines": [
          1,
          null
        ]
      },
      "/home/ubuntu/environment/Colgate-Marketplace/app/controllers/items_controller.rb": {
        "lines": [
          1,
          null,
          1,
          null,
          1,
          8,
          1,
          1,
          null,
          null,
          null,
          1,
          43,
          43,
          null,
          null,
          1,
          11,
          11,
          11,
          11,
          null,
          null,
          null,
          1,
          2,
          null,
          null,
          1,
          2,
          2,
          1,
          null,
          1,
          1,
          null,
          null,
          null,
          1,
          1,
          1,
          1,
          1,
          null,
          null,
          null,
          1,
          3,
          null,
          null,
          1,
          2,
          2,
          null,
          2,
          null,
          2,
          null,
          2,
          1,
          1,
          1,
          null,
          1,
          1,
          1,
          null,
          null,
          null,
          null,
          1,
          0,
          0,
          0,
          0,
          0,
          null,
          0,
          0,
          null,
          null,
          null,
          1,
          2,
          2,
          1,
          1,
          1,
          1,
          1,
          null,
          1,
          1,
          null,
          null,
          null,
          1,
          1,
          4,
          null,
          null
        ]
      },
      "/home/ubuntu/environment/Colgate-Marketplace/app/controllers/application_controller.rb": {
        "lines": [
          1,
          null,
          null,
          null,
          null,
          1,
          null,
          1,
          null,
          1,
          null,
          1,
          10,
          10,
          null,
          null
        ]
      },
      "/home/ubuntu/environment/Colgate-Marketplace/app/controllers/omniauth_callbacks_controller.rb": {
        "lines": [
          1,
          1,
          10,
          10,
          null,
          10,
          9,
          9,
          null,
          1,
          1,
          null,
          null,
          null,
          null
        ]
      },
      "/home/ubuntu/environment/Colgate-Marketplace/app/controllers/users_controller.rb": {
        "lines": [
          1,
          1,
          1,
          null,
          null,
          1,
          2,
          null,
          null,
          1,
          2,
          2,
          1,
          1,
          null,
          1,
          1,
          null,
          null,
          null,
          1,
          1,
          2,
          null,
          null
        ]
      },
      "/home/ubuntu/environment/Colgate-Marketplace/app/mailers/email_mailer.rb": {
        "lines": [
          1,
          1,
          1,
          2,
          2,
          2,
          null,
          2,
          null,
          null
        ]
      },
      "/home/ubuntu/environment/Colgate-Marketplace/app/mailers/application_mailer.rb": {
        "lines": [
          1,
          1,
          1,
          null
        ]
      },
      "/home/ubuntu/environment/Colgate-Marketplace/app/models/item.rb": {
        "lines": [
          1,
          1,
          null,
          null,
          1,
          1,
          null,
          1,
          1,
          1,
          1,
          null,
          1,
          0,
          null,
          null
        ]
      },
      "/home/ubuntu/environment/Colgate-Marketplace/app/models/concerns/blob_validator.rb": {
        "lines": [
          null,
          1,
          1,
          0,
          null,
          0,
          0,
          0,
          0,
          0,
          0,
          null,
          null,
          null,
          0,
          0,
          null,
          null,
          null,
          null,
          1,
          null,
          1,
          0,
          null,
          0,
          null,
          0,
          null,
          0,
          null,
          0,
          null,
          0,
          null,
          null,
          null,
          null,
          null
        ]
      },
      "/home/ubuntu/environment/Colgate-Marketplace/app/controllers/static_pages_controller.rb": {
        "lines": [
          1,
          1,
          null,
          null
        ]
      }
    },
    "timestamp": 1606927919
  }
}
